[ 2024-04-12 02:54:12,446 ] 28 root - INFO - Entered the data ingestion method or component
[ 2024-04-12 02:54:12,466 ] 31 root - INFO - Read the dataset as dataframe
[ 2024-04-12 02:54:12,528 ] 38 root - INFO - Saved the raw data
[ 2024-04-12 02:54:12,563 ] 72 root - INFO - Date features added successfully
[ 2024-04-12 02:54:12,567 ] 83 root - INFO - Converted to numeric successfully
[ 2024-04-12 02:54:12,569 ] 83 root - INFO - Converted to numeric successfully
[ 2024-04-12 02:54:12,569 ] 83 root - INFO - Converted to numeric successfully
[ 2024-04-12 02:54:12,569 ] 83 root - INFO - Converted to numeric successfully
[ 2024-04-12 02:54:12,576 ] 83 root - INFO - Converted to numeric successfully
[ 2024-04-12 02:54:12,576 ] 83 root - INFO - Converted to numeric successfully
[ 2024-04-12 02:54:12,576 ] 92 root - INFO - Target added successfully
[ 2024-04-12 02:54:15,821 ] 107 root - INFO - Technical indicators added successfully
[ 2024-04-12 02:54:15,821 ] 128 root - INFO - Dropped Sundays successfully
[ 2024-04-12 02:54:15,821 ] 137 root - INFO - Encoded categoricals successfully
[ 2024-04-12 02:54:15,900 ] 117 root - INFO - Dropped columns with missing values successfully
[ 2024-04-12 02:54:15,917 ] 53 root - INFO - Data preprocessing completed
[ 2024-04-12 02:54:16,128 ] 47 root - INFO - Saved the raw data
[ 2024-04-12 02:54:16,144 ] 57 root - INFO - Best found model on both training and testing dataset is XGBClassifier(base_score=None, booster=None, callbacks=None,
              colsample_bylevel=None, colsample_bynode=None,
              colsample_bytree=0.8, device=None, early_stopping_rounds=None,
              enable_categorical=False, eval_metric=None, feature_types=None,
              gamma=1.5, grow_policy=None, importance_type=None,
              interaction_constraints=None, learning_rate=0.02, max_bin=None,
              max_cat_threshold=None, max_cat_to_onehot=None,
              max_delta_step=None, max_depth=5, max_leaves=None,
              min_child_weight=1, missing=nan, monotone_constraints=None,
              multi_strategy=None, n_estimators=600, n_jobs=None, nthread=1,
              num_parallel_tree=None, ...)
[ 2024-04-12 02:54:18,033 ] 71 root - INFO - Model saved at artifacts\model.pkl
[ 2024-04-12 02:54:18,044 ] 60 root - INFO - Model training completed
