[ 2024-04-24 08:08:16,121 ] 96 werkzeug - INFO - [31m[1mWARNING: This is a development server. Do not use it in a production deployment. Use a production WSGI server instead.[0m
 * Running on http://127.0.0.1:5000
[ 2024-04-24 08:08:16,121 ] 96 werkzeug - INFO - [33mPress CTRL+C to quit[0m
[ 2024-04-24 08:09:32,353 ] 96 werkzeug - INFO - 127.0.0.1 - - [24/Apr/2024 08:09:32] "GET / HTTP/1.1" 200 -
[ 2024-04-24 08:09:32,555 ] 96 werkzeug - INFO - 127.0.0.1 - - [24/Apr/2024 08:09:32] "[33mGET /favicon.ico HTTP/1.1[0m" 404 -
[ 2024-04-24 08:10:12,374 ] 96 werkzeug - INFO - 127.0.0.1 - - [24/Apr/2024 08:10:12] "GET /predictdata HTTP/1.1" 200 -
[ 2024-04-24 08:10:15,996 ] 838 app - ERROR - Exception on /predictdata [POST]
Traceback (most recent call last):
  File "C:\Users\b_att\AppData\Local\Programs\Python\Python311\Lib\site-packages\flask\app.py", line 1473, in wsgi_app
    response = self.full_dispatch_request()
               ^^^^^^^^^^^^^^^^^^^^^^^^^^^^
  File "C:\Users\b_att\AppData\Local\Programs\Python\Python311\Lib\site-packages\flask\app.py", line 882, in full_dispatch_request
    rv = self.handle_user_exception(e)
         ^^^^^^^^^^^^^^^^^^^^^^^^^^^^^
  File "C:\Users\b_att\AppData\Local\Programs\Python\Python311\Lib\site-packages\flask\app.py", line 880, in full_dispatch_request
    rv = self.dispatch_request()
         ^^^^^^^^^^^^^^^^^^^^^^^
  File "C:\Users\b_att\AppData\Local\Programs\Python\Python311\Lib\site-packages\flask\app.py", line 865, in dispatch_request
    return self.ensure_sync(self.view_functions[rule.endpoint])(**view_args)  # type: ignore[no-any-return]
           ^^^^^^^^^^^^^^^^^^^^^^^^^^^^^^^^^^^^^^^^^^^^^^^^^^^^^^^^^^^^^^^^^
  File "C:\Users\b_att\OneDrive\Documents\GitHub\Daily_Bias_Trading\app.py", line 31, in predict_datapoint
    return render_template('home.html', results=results[0])
                                                ~~~~~~~^^^
TypeError: 'NoneType' object is not subscriptable
[ 2024-04-24 08:10:16,009 ] 96 werkzeug - INFO - 127.0.0.1 - - [24/Apr/2024 08:10:16] "[35m[1mPOST /predictdata HTTP/1.1[0m" 500 -
[ 2024-04-24 08:10:28,115 ] 838 app - ERROR - Exception on /predictdata [POST]
Traceback (most recent call last):
  File "C:\Users\b_att\AppData\Local\Programs\Python\Python311\Lib\site-packages\flask\app.py", line 1473, in wsgi_app
    response = self.full_dispatch_request()
               ^^^^^^^^^^^^^^^^^^^^^^^^^^^^
  File "C:\Users\b_att\AppData\Local\Programs\Python\Python311\Lib\site-packages\flask\app.py", line 882, in full_dispatch_request
    rv = self.handle_user_exception(e)
         ^^^^^^^^^^^^^^^^^^^^^^^^^^^^^
  File "C:\Users\b_att\AppData\Local\Programs\Python\Python311\Lib\site-packages\flask\app.py", line 880, in full_dispatch_request
    rv = self.dispatch_request()
         ^^^^^^^^^^^^^^^^^^^^^^^
  File "C:\Users\b_att\AppData\Local\Programs\Python\Python311\Lib\site-packages\flask\app.py", line 865, in dispatch_request
    return self.ensure_sync(self.view_functions[rule.endpoint])(**view_args)  # type: ignore[no-any-return]
           ^^^^^^^^^^^^^^^^^^^^^^^^^^^^^^^^^^^^^^^^^^^^^^^^^^^^^^^^^^^^^^^^^
  File "C:\Users\b_att\OneDrive\Documents\GitHub\Daily_Bias_Trading\app.py", line 31, in predict_datapoint
    return render_template('home.html', results=results[0])
                                                ~~~~~~~^^^
TypeError: 'NoneType' object is not subscriptable
[ 2024-04-24 08:10:28,116 ] 96 werkzeug - INFO - 127.0.0.1 - - [24/Apr/2024 08:10:28] "[35m[1mPOST /predictdata HTTP/1.1[0m" 500 -
[ 2024-04-24 08:10:34,546 ] 838 app - ERROR - Exception on /predictdata [POST]
Traceback (most recent call last):
  File "C:\Users\b_att\AppData\Local\Programs\Python\Python311\Lib\site-packages\flask\app.py", line 1473, in wsgi_app
    response = self.full_dispatch_request()
               ^^^^^^^^^^^^^^^^^^^^^^^^^^^^
  File "C:\Users\b_att\AppData\Local\Programs\Python\Python311\Lib\site-packages\flask\app.py", line 882, in full_dispatch_request
    rv = self.handle_user_exception(e)
         ^^^^^^^^^^^^^^^^^^^^^^^^^^^^^
  File "C:\Users\b_att\AppData\Local\Programs\Python\Python311\Lib\site-packages\flask\app.py", line 880, in full_dispatch_request
    rv = self.dispatch_request()
         ^^^^^^^^^^^^^^^^^^^^^^^
  File "C:\Users\b_att\AppData\Local\Programs\Python\Python311\Lib\site-packages\flask\app.py", line 865, in dispatch_request
    return self.ensure_sync(self.view_functions[rule.endpoint])(**view_args)  # type: ignore[no-any-return]
           ^^^^^^^^^^^^^^^^^^^^^^^^^^^^^^^^^^^^^^^^^^^^^^^^^^^^^^^^^^^^^^^^^
  File "C:\Users\b_att\OneDrive\Documents\GitHub\Daily_Bias_Trading\app.py", line 31, in predict_datapoint
    return render_template('home.html', results=results[0])
                                                ~~~~~~~^^^
TypeError: 'NoneType' object is not subscriptable
[ 2024-04-24 08:10:34,549 ] 96 werkzeug - INFO - 127.0.0.1 - - [24/Apr/2024 08:10:34] "[35m[1mPOST /predictdata HTTP/1.1[0m" 500 -
[ 2024-04-24 08:14:48,072 ] 838 app - ERROR - Exception on /predictdata [POST]
Traceback (most recent call last):
  File "C:\Users\b_att\AppData\Local\Programs\Python\Python311\Lib\site-packages\flask\app.py", line 1473, in wsgi_app
    response = self.full_dispatch_request()
               ^^^^^^^^^^^^^^^^^^^^^^^^^^^^
  File "C:\Users\b_att\AppData\Local\Programs\Python\Python311\Lib\site-packages\flask\app.py", line 882, in full_dispatch_request
    rv = self.handle_user_exception(e)
         ^^^^^^^^^^^^^^^^^^^^^^^^^^^^^
  File "C:\Users\b_att\AppData\Local\Programs\Python\Python311\Lib\site-packages\flask\app.py", line 880, in full_dispatch_request
    rv = self.dispatch_request()
         ^^^^^^^^^^^^^^^^^^^^^^^
  File "C:\Users\b_att\AppData\Local\Programs\Python\Python311\Lib\site-packages\flask\app.py", line 865, in dispatch_request
    return self.ensure_sync(self.view_functions[rule.endpoint])(**view_args)  # type: ignore[no-any-return]
           ^^^^^^^^^^^^^^^^^^^^^^^^^^^^^^^^^^^^^^^^^^^^^^^^^^^^^^^^^^^^^^^^^
  File "C:\Users\b_att\OneDrive\Documents\GitHub\Daily_Bias_Trading\app.py", line 31, in predict_datapoint
    return render_template('home.html', date=date, bias=bias)
                                                ^^^^^^^^^^
TypeError: 'NoneType' object is not subscriptable
[ 2024-04-24 08:14:48,079 ] 96 werkzeug - INFO - 127.0.0.1 - - [24/Apr/2024 08:14:48] "[35m[1mPOST /predictdata HTTP/1.1[0m" 500 -
[ 2024-04-24 08:14:51,090 ] 838 app - ERROR - Exception on /predictdata [POST]
Traceback (most recent call last):
  File "C:\Users\b_att\AppData\Local\Programs\Python\Python311\Lib\site-packages\flask\app.py", line 1473, in wsgi_app
    response = self.full_dispatch_request()
               ^^^^^^^^^^^^^^^^^^^^^^^^^^^^
  File "C:\Users\b_att\AppData\Local\Programs\Python\Python311\Lib\site-packages\flask\app.py", line 882, in full_dispatch_request
    rv = self.handle_user_exception(e)
         ^^^^^^^^^^^^^^^^^^^^^^^^^^^^^
  File "C:\Users\b_att\AppData\Local\Programs\Python\Python311\Lib\site-packages\flask\app.py", line 880, in full_dispatch_request
    rv = self.dispatch_request()
         ^^^^^^^^^^^^^^^^^^^^^^^
  File "C:\Users\b_att\AppData\Local\Programs\Python\Python311\Lib\site-packages\flask\app.py", line 865, in dispatch_request
    return self.ensure_sync(self.view_functions[rule.endpoint])(**view_args)  # type: ignore[no-any-return]
           ^^^^^^^^^^^^^^^^^^^^^^^^^^^^^^^^^^^^^^^^^^^^^^^^^^^^^^^^^^^^^^^^^
  File "C:\Users\b_att\OneDrive\Documents\GitHub\Daily_Bias_Trading\app.py", line 31, in predict_datapoint
    return render_template('home.html', date=date, bias=bias)
                                                ^^^^^^^^^^
TypeError: 'NoneType' object is not subscriptable
[ 2024-04-24 08:14:51,092 ] 96 werkzeug - INFO - 127.0.0.1 - - [24/Apr/2024 08:14:51] "[35m[1mPOST /predictdata HTTP/1.1[0m" 500 -
